This is pdfTeX, Version 3.1415926-2.3-1.40.12 (MiKTeX 2.9) (preloaded format=pdflatex 2013.9.19)  28 JUL 2014 16:48
entering extended mode
**C:/Users/Alex/Desktop/version*3/sensys.tex
("C:/Users/Alex/Desktop/version 3/sensys.tex"
LaTeX2e <2011/06/27>
Babel <v3.8m> and hyphenation patterns for loaded.
("C:\Users\Alex\Desktop\version 3\sensys-proc.cls"
Document Class: sensys-proc 2012/03/04 v1.0 Document Class
(E:\CTEX\MiKTeX\tex\latex\base\article.cls
Document Class: article 2007/10/19 v1.4h Standard LaTeX document class
(E:\CTEX\MiKTeX\tex\latex\base\size10.clo
File: size10.clo 2007/10/19 v1.4h Standard LaTeX file (size option)
)
\c@part=\count79
\c@section=\count80
\c@subsection=\count81
\c@subsubsection=\count82
\c@paragraph=\count83
\c@subparagraph=\count84
\c@figure=\count85
\c@table=\count86
\abovecaptionskip=\skip41
\belowcaptionskip=\skip42
\bibindent=\dimen102
)
(E:\CTEX\MiKTeX\tex\latex\pslatex\pslatex.sty
Package: pslatex 1996/07/24 v1.2 pslatex emulation (DPC)
LaTeX Font Info:    Redeclaring symbol font `operators' on input line 65.
LaTeX Font Info:    Overwriting symbol font `operators' in version `normal'
(Font)                  OT1/cmr/m/n --> OT1/ptmcm/m/n on input line 65.
LaTeX Font Info:    Overwriting symbol font `operators' in version `bold'
(Font)                  OT1/cmr/bx/n --> OT1/ptmcm/m/n on input line 65.
LaTeX Font Info:    Redeclaring symbol font `letters' on input line 66.
LaTeX Font Info:    Overwriting symbol font `letters' in version `normal'
(Font)                  OML/cmm/m/it --> OML/ptmcm/m/it on input line 66.
LaTeX Font Info:    Overwriting symbol font `letters' in version `bold'
(Font)                  OML/cmm/b/it --> OML/ptmcm/m/it on input line 66.
LaTeX Font Info:    Redeclaring symbol font `symbols' on input line 67.
LaTeX Font Info:    Overwriting symbol font `symbols' in version `normal'
(Font)                  OMS/cmsy/m/n --> OMS/pzccm/m/n on input line 67.
LaTeX Font Info:    Overwriting symbol font `symbols' in version `bold'
(Font)                  OMS/cmsy/b/n --> OMS/pzccm/m/n on input line 67.
LaTeX Font Info:    Redeclaring symbol font `largesymbols' on input line 68.
LaTeX Font Info:    Overwriting symbol font `largesymbols' in version `normal'
(Font)                  OMX/cmex/m/n --> OMX/psycm/m/n on input line 68.
LaTeX Font Info:    Overwriting symbol font `largesymbols' in version `bold'
(Font)                  OMX/cmex/m/n --> OMX/psycm/m/n on input line 68.
\symbold=\mathgroup4
\symitalic=\mathgroup5
LaTeX Font Info:    Redeclaring math alphabet \mathbf on input line 74.
LaTeX Font Info:    Overwriting math alphabet `\mathbf' in version `normal'
(Font)                  OT1/cmr/bx/n --> OT1/ptm/bx/n on input line 74.
LaTeX Font Info:    Overwriting math alphabet `\mathbf' in version `bold'
(Font)                  OT1/cmr/bx/n --> OT1/ptm/bx/n on input line 74.
LaTeX Font Info:    Redeclaring math alphabet \mathit on input line 75.
LaTeX Font Info:    Overwriting math alphabet `\mathit' in version `normal'
(Font)                  OT1/cmr/m/it --> OT1/ptm/m/it on input line 75.
LaTeX Font Info:    Overwriting math alphabet `\mathit' in version `bold'
(Font)                  OT1/cmr/bx/it --> OT1/ptm/m/it on input line 75.
)
\aucount=\count87
\originalaucount=\count88
\auwidth=\dimen103
\auskip=\dimen104
\auskipcount=\count89
\auskip=\dimen105
\allauboxes=\dimen106
\addauthors=\toks14
\addauflag=\count90
\subtitletext=\toks15
\titleboxnotes=\toks16
\titleboxnoteflag=\count91
\@acmtitlebox=\box26
\titlenotecount=\count92
\tntoks=\toks17
\tntokstwo=\toks18
\tntoksthree=\toks19
\tntoksfour=\toks20
\tntoksfive=\toks21
\catcount=\count93
\copyrightnotice=\toks22
)
(E:\CTEX\MiKTeX\tex\latex\graphics\graphicx.sty
Package: graphicx 1999/02/16 v1.0f Enhanced LaTeX Graphics (DPC,SPQR)

(E:\CTEX\MiKTeX\tex\latex\graphics\keyval.sty
Package: keyval 1999/03/16 v1.13 key=value parser (DPC)
\KV@toks@=\toks23
)
(E:\CTEX\MiKTeX\tex\latex\graphics\graphics.sty
Package: graphics 2009/02/05 v1.0o Standard LaTeX Graphics (DPC,SPQR)

(E:\CTEX\MiKTeX\tex\latex\graphics\trig.sty
Package: trig 1999/03/16 v1.09 sin cos tan (DPC)
)
(E:\CTEX\MiKTeX\tex\latex\00miktex\graphics.cfg
File: graphics.cfg 2007/01/18 v1.5 graphics configuration of teTeX/TeXLive
)
Package graphics Info: Driver file: pdftex.def on input line 91.

(E:\CTEX\MiKTeX\tex\latex\pdftex-def\pdftex.def
File: pdftex.def 2011/05/27 v0.06d Graphics/color for pdfTeX

(E:\CTEX\MiKTeX\tex\generic\oberdiek\infwarerr.sty
Package: infwarerr 2010/04/08 v1.3 Providing info/warning/message (HO)
)
(E:\CTEX\MiKTeX\tex\generic\oberdiek\ltxcmds.sty
Package: ltxcmds 2011/04/18 v1.20 LaTeX kernel commands for general use (HO)
)
\Gread@gobject=\count94
))
\Gin@req@height=\dimen107
\Gin@req@width=\dimen108
)
(E:\CTEX\MiKTeX\tex\latex\subfigure\subfigure.sty
Package: subfigure 2002/07/30 v2.1.4 subfigure package
\subfigtopskip=\skip43
\subfigcapskip=\skip44
\subfigcaptopadj=\dimen109
\subfigbottomskip=\skip45
\subfigcapmargin=\dimen110
\subfiglabelskip=\skip46
\c@subfigure=\count95
\c@lofdepth=\count96
\c@subtable=\count97
\c@lotdepth=\count98

****************************************
* Local config file subfigure.cfg used *
****************************************
(E:\CTEX\MiKTeX\tex\latex\subfigure\subfigure.cfg)
\subfig@top=\skip47
\subfig@bottom=\skip48
)
(E:\CTEX\MiKTeX\tex\latex\cite\cite.sty
LaTeX Info: Redefining \cite on input line 302.
LaTeX Info: Redefining \nocite on input line 373.
Package: cite 2010/09/10  v 5.3
)
(E:\CTEX\MiKTeX\tex\latex\ltxmisc\url.sty
\Urlmuskip=\muskip10
Package: url 2006/04/12  ver 3.3  Verb mode for urls, etc.
)
(E:\CTEX\MiKTeX\tex\latex\slashbox\slashbox.sty
slashbox style by K.Yasuoka, May 1993.
\@slashboxa=\box27
\@slashboxb=\box28
\@slashboxc=\box29
\@slashboxwd=\count99
\@slashboxht=\count100
\@slashsepl=\dimen111
\@slashsepr=\dimen112
) (E:\CTEX\MiKTeX\tex\latex\curves\curves.sty
Package: curves 2009/08/31 1.53 Curves for LaTeX picture environment
\;sc=\count101
\;scp=\count102
\;t=\count103
\;cc=\count104
\;cnd=\count105
\;mcnd=\count106
\;np=\count107
\;overhang=\count108
\;pbs=\count109
\;pns=\count110
\;psc=\count111
\;rc=\count112
\;rtc=\count113
\;tc=\count114
\csdiameter=\skip49
\curvelength=\skip50
\overhang=\skip51
\;x=\skip52
\;dx=\skip53
\;ddx=\skip54
\;y=\skip55
\;dy=\skip56
\;ddy=\skip57
\;pl=\skip58
\;ucd=\skip59
\;csbox=\box30
\;pt=\box31
\;strline=\toks24
\m;ssingcoord=\toks25
\;negdash=\toks26
\;oddcoord=\toks27
\;wc=\count115
\;X=\skip60
\;Y=\skip61
)
(E:\CTEX\MiKTeX\tex\latex\algorithms\algorithmic.sty
Package: algorithmic 2009/08/24 v0.1 Document Style `algorithmic'

(E:\CTEX\MiKTeX\tex\latex\base\ifthen.sty
Package: ifthen 2001/05/26 v1.1c Standard LaTeX ifthen package (DPC)
)
\c@ALC@unique=\count116
\c@ALC@line=\count117
\c@ALC@rem=\count118
\c@ALC@depth=\count119
\ALC@tlm=\skip62
\algorithmicindent=\skip63
)
(E:\CTEX\MiKTeX\tex\latex\algorithms\algorithm.sty
Package: algorithm 2009/08/24 v0.1 Document Style `algorithm' - floating enviro
nment

(E:\CTEX\MiKTeX\tex\latex\float\float.sty
Package: float 2001/11/08 v1.3d Float enhancements (AL)
\c@float@type=\count120
\float@exts=\toks28
\float@box=\box32
\@float@everytoks=\toks29
\@floatcapt=\box33
)
\@float@every@algorithm=\toks30
\c@algorithm=\count121
)
(E:\CTEX\MiKTeX\tex\latex\preprint\balance.sty
Package: balance 1999/02/23 4.3 (PWD)
\oldvsize=\dimen113
)
(E:\CTEX\MiKTeX\tex\latex\soul\soul.sty
Package: soul 2003/11/17 v2.4 letterspacing/underlining (mf)
\SOUL@word=\toks31
\SOUL@lasttoken=\toks32
\SOUL@cmds=\toks33
\SOUL@buffer=\toks34
\SOUL@token=\toks35
\SOUL@spaceskip=\skip64
\SOUL@ttwidth=\dimen114
\SOUL@uldp=\dimen115
\SOUL@ulht=\dimen116
)
(E:\CTEX\MiKTeX\tex\latex\comment\comment.sty
\CommentStream=\write3
 Excluding comment 'comment')
(E:\CTEX\MiKTeX\tex\latex\ams\math\amsmath.sty
Package: amsmath 2000/07/18 v2.13 AMS math features
\@mathmargin=\skip65

For additional information on amsmath, use the `?' option.
(E:\CTEX\MiKTeX\tex\latex\ams\math\amstext.sty
Package: amstext 2000/06/29 v2.01

(E:\CTEX\MiKTeX\tex\latex\ams\math\amsgen.sty
File: amsgen.sty 1999/11/30 v2.0
\@emptytoks=\toks36
\ex@=\dimen117
))
(E:\CTEX\MiKTeX\tex\latex\ams\math\amsbsy.sty
Package: amsbsy 1999/11/29 v1.2d
\pmbraise@=\dimen118
)
(E:\CTEX\MiKTeX\tex\latex\ams\math\amsopn.sty
Package: amsopn 1999/12/14 v2.01 operator names
)
\inf@bad=\count122
LaTeX Info: Redefining \frac on input line 211.
\uproot@=\count123
\leftroot@=\count124
LaTeX Info: Redefining \overline on input line 307.
\classnum@=\count125
\DOTSCASE@=\count126
LaTeX Info: Redefining \ldots on input line 379.
LaTeX Info: Redefining \dots on input line 382.
LaTeX Info: Redefining \cdots on input line 467.
\Mathstrutbox@=\box34
\strutbox@=\box35
\big@size=\dimen119
LaTeX Font Info:    Redeclaring font encoding OML on input line 567.
LaTeX Font Info:    Redeclaring font encoding OMS on input line 568.
\macc@depth=\count127
\c@MaxMatrixCols=\count128
\dotsspace@=\muskip11
\c@parentequation=\count129
\dspbrk@lvl=\count130
\tag@help=\toks37
\row@=\count131
\column@=\count132
\maxfields@=\count133
\andhelp@=\toks38
\eqnshift@=\dimen120
\alignsep@=\dimen121
\tagshift@=\dimen122
\tagwidth@=\dimen123
\totwidth@=\dimen124
\lineht@=\dimen125
\@envbody=\toks39
\multlinegap=\skip66
\multlinetaggap=\skip67
\mathdisplay@stack=\toks40
LaTeX Info: Redefining \[ on input line 2666.
LaTeX Info: Redefining \] on input line 2667.
)
(E:\CTEX\MiKTeX\tex\latex\amsfonts\amssymb.sty
Package: amssymb 2009/06/22 v3.00

(E:\CTEX\MiKTeX\tex\latex\amsfonts\amsfonts.sty
Package: amsfonts 2009/06/22 v3.00 Basic AMSFonts support
\symAMSa=\mathgroup6
\symAMSb=\mathgroup7
LaTeX Font Info:    Overwriting math alphabet `\mathfrak' in version `bold'
(Font)                  U/euf/m/n --> U/euf/b/n on input line 96.
))
(E:\CTEX\MiKTeX\tex\latex\geometry\geometry.sty
Package: geometry 2010/09/12 v5.6 Page Geometry

(E:\CTEX\MiKTeX\tex\generic\oberdiek\ifpdf.sty
Package: ifpdf 2011/01/30 v2.3 Provides the ifpdf switch (HO)
Package ifpdf Info: pdfTeX in PDF mode is detected.
)
(E:\CTEX\MiKTeX\tex\generic\oberdiek\ifvtex.sty
Package: ifvtex 2010/03/01 v1.5 Switches for detecting VTeX and its modes (HO)
Package ifvtex Info: VTeX not detected.
)
(E:\CTEX\MiKTeX\tex\generic\ifxetex\ifxetex.sty
Package: ifxetex 2010/09/12 v0.6 Provides ifxetex conditional
)
\Gm@cnth=\count134
\Gm@cntv=\count135
\c@Gm@tempcnt=\count136
\Gm@bindingoffset=\dimen126
\Gm@wd@mp=\dimen127
\Gm@odd@mp=\dimen128
\Gm@even@mp=\dimen129
\Gm@layoutwidth=\dimen130
\Gm@layoutheight=\dimen131
\Gm@layouthoffset=\dimen132
\Gm@layoutvoffset=\dimen133
\Gm@dimlist=\toks41

(E:\CTEX\MiKTeX\tex\latex\geometry\geometry.cfg))
("C:\Users\Alex\Desktop\version 3\sensys.aux")
LaTeX Font Info:    Checking defaults for OML/cmm/m/it on input line 62.
LaTeX Font Info:    ... okay on input line 62.
LaTeX Font Info:    Checking defaults for T1/cmr/m/n on input line 62.
LaTeX Font Info:    ... okay on input line 62.
LaTeX Font Info:    Checking defaults for OT1/cmr/m/n on input line 62.
LaTeX Font Info:    ... okay on input line 62.
LaTeX Font Info:    Checking defaults for OMS/pzccm/m/n on input line 62.
LaTeX Font Info:    Try loading font information for OMS+pzccm on input line 62
.

(E:\CTEX\MiKTeX\tex\latex\psnfss\omspzccm.fd
File: omspzccm.fd 2000/01/03 Fontinst v1.801 font definitions for OMS/pzccm.
)
LaTeX Font Info:    ... okay on input line 62.
LaTeX Font Info:    Checking defaults for OMX/cmex/m/n on input line 62.
LaTeX Font Info:    ... okay on input line 62.
LaTeX Font Info:    Checking defaults for U/cmr/m/n on input line 62.
LaTeX Font Info:    ... okay on input line 62.

(E:\CTEX\MiKTeX\tex\context\base\supp-pdf.mkii
[Loading MPS to PDF converter (version 2006.09.02).]
\scratchcounter=\count137
\scratchdimen=\dimen134
\scratchbox=\box36
\nofMPsegments=\count138
\nofMParguments=\count139
\everyMPshowfont=\toks42
\MPscratchCnt=\count140
\MPscratchDim=\dimen135
\MPnumerator=\count141
\makeMPintoPDFobject=\count142
\everyMPtoPDFconversion=\toks43
)
*geometry* driver: auto-detecting
*geometry* detected driver: pdftex
*geometry* verbose mode - [ preamble ] result:
* pass: disregarded the geometry package!
* \paperwidth=614.295pt
* \paperheight=794.96999pt
* \textwidth=505.89pt
* \textheight=650.43pt
* \oddsidemargin=-18.06749pt
* \evensidemargin=-18.06749pt
* \topmargin=-37.0pt
* \headheight=12.0pt
* \headsep=25.0pt
* \topskip=10.0pt
* \footskip=30.0pt
* \marginparwidth=0.0pt
* \marginparsep=11.0pt
* \columnsep=23.84923pt
* \skip\footins=8.1pt plus 4.0pt minus 2.0pt
* \hoffset=0.0pt
* \voffset=0.0pt
* \mag=1000
* \@twocolumntrue
* \@twosidefalse
* \@mparswitchfalse
* \@reversemarginfalse
* (1in=72.27pt=25.4mm, 1cm=28.453pt)

LaTeX Font Info:    Font shape `OT1/phv/m/n' will be
(Font)              scaled to size 8.99994pt on input line 64.
LaTeX Font Info:    Font shape `OT1/phv/bx/n' in size <10> not available
(Font)              Font shape `OT1/phv/b/n' tried instead on input line 64.
LaTeX Font Info:    Font shape `OT1/phv/b/n' will be
(Font)              scaled to size 8.99994pt on input line 64.
LaTeX Font Info:    Font shape `OT1/phv/bx/n' in size <18> not available
(Font)              Font shape `OT1/phv/b/n' tried instead on input line 64.
LaTeX Font Info:    Font shape `OT1/phv/b/n' will be
(Font)              scaled to size 16.19989pt on input line 64.
LaTeX Font Info:    Font shape `OT1/phv/m/n' will be
(Font)              scaled to size 12.59991pt on input line 64.
LaTeX Font Info:    Font shape `OT1/phv/m/n' will be
(Font)              scaled to size 10.79993pt on input line 64.
LaTeX Font Info:    Try loading font information for OT1+ptmcm on input line 64
.
(E:\CTEX\MiKTeX\tex\latex\psnfss\ot1ptmcm.fd
File: ot1ptmcm.fd 2000/01/03 Fontinst v1.801 font definitions for OT1/ptmcm.
)
LaTeX Font Info:    Try loading font information for OML+ptmcm on input line 64
.

(E:\CTEX\MiKTeX\tex\latex\psnfss\omlptmcm.fd
File: omlptmcm.fd 2000/01/03 Fontinst v1.801 font definitions for OML/ptmcm.
)
LaTeX Font Info:    Try loading font information for OMX+psycm on input line 64
.

(E:\CTEX\MiKTeX\tex\latex\psnfss\omxpsycm.fd
File: omxpsycm.fd 2000/01/03 Fontinst v1.801 font definitions for OMX/psycm.
)
LaTeX Font Info:    Font shape `OT1/ptm/bx/n' in size <12> not available
(Font)              Font shape `OT1/ptm/b/n' tried instead on input line 64.
LaTeX Font Info:    Font shape `OT1/ptm/bx/n' in size <9> not available
(Font)              Font shape `OT1/ptm/b/n' tried instead on input line 64.
LaTeX Font Info:    Font shape `OT1/ptm/bx/n' in size <7> not available
(Font)              Font shape `OT1/ptm/b/n' tried instead on input line 64.
LaTeX Font Info:    Try loading font information for U+msa on input line 64.

(E:\CTEX\MiKTeX\tex\latex\amsfonts\umsa.fd
File: umsa.fd 2009/06/22 v3.00 AMS symbols A
)
LaTeX Font Info:    Try loading font information for U+msb on input line 64.

(E:\CTEX\MiKTeX\tex\latex\amsfonts\umsb.fd
File: umsb.fd 2009/06/22 v3.00 AMS symbols B
)
LaTeX Font Info:    Try loading font information for OMS+phv on input line 64.

(E:\CTEX\MiKTeX\tex\latex\psnfss\omsphv.fd
File: omsphv.fd 
)
LaTeX Font Info:    Font shape `OMS/phv/m/n' in size <12> not available
(Font)              Font shape `OMS/cmsy/m/n' tried instead on input line 64.

Underfull \hbox (badness 10000) in paragraph at lines 64--64

 []

LaTeX Font Info:    Font shape `OMS/ptm/m/n' in size <7> not available
(Font)              Font shape `OMS/pzccm/m/n' tried instead on input line 64.
("C:\Users\Alex\Desktop\version 3\abstract.tex"
LaTeX Font Info:    Font shape `OT1/ptm/bx/n' in size <10> not available
(Font)              Font shape `OT1/ptm/b/n' tried instead on input line 4.
LaTeX Font Info:    Font shape `OT1/ptm/bx/n' in size <7.4> not available
(Font)              Font shape `OT1/ptm/b/n' tried instead on input line 4.
LaTeX Font Info:    Font shape `OT1/ptm/bx/n' in size <6> not available
(Font)              Font shape `OT1/ptm/b/n' tried instead on input line 4.
)
("C:\Users\Alex\Desktop\version 3\introduction.tex" [1{E:/CTEX/UserData/pdftex/
config/pdftex.map{Unicode.sfd}{UGBK.sfd}}


]
LaTeX Font Info:    Font shape `OMS/ptm/m/n' in size <10> not available
(Font)              Font shape `OMS/pzccm/m/n' tried instead on input line 47.
)
("C:\Users\Alex\Desktop\version 3\overview.tex"
<pictures/overview.pdf, id=12, 829.872pt x 345.70154pt>
File: pictures/overview.pdf Graphic file (type pdf)

<use pictures/overview.pdf>
Package pdftex.def Info: pictures/overview.pdf used on input line 11.
(pdftex.def)             Requested size: 252.94499pt x 105.3676pt.

Overfull \hbox (11.9246pt too wide) in paragraph at lines 11--11
 [][] 
 []

) ("C:\Users\Alex\Desktop\version 3\pose.tex"
<pictures/coordinates.png, id=13, 2794.44pt x 991.45406pt>
File: pictures/coordinates.png Graphic file (type png)

<use pictures/coordinates.png>
Package pdftex.def Info: pictures/coordinates.png used on input line 9.
(pdftex.def)             Requested size: 252.94499pt x 89.74138pt.

Overfull \hbox (11.9246pt too wide) in paragraph at lines 9--9
 [][] 
 []


LaTeX Warning: `h' float specifier changed to `ht'.

[2 <C:/Users/Alex/Desktop/version 3/pictures/overview.pdf>]
<pictures/move.pdf, id=33, 556.45581pt x 419.05959pt>
File: pictures/move.pdf Graphic file (type pdf)
 <use pictures/move.pdf>
Package pdftex.def Info: pictures/move.pdf used on input line 29.
(pdftex.def)             Requested size: 177.06458pt x 133.34088pt.


LaTeX Warning: `h' float specifier changed to `ht'.

[3 <C:/Users/Alex/Desktop/version 3/pictures/coordinates.png> <C:/Users/Alex/De
sktop/version 3/pictures/move.pdf>])
("C:\Users\Alex\Desktop\version 3\landmark.tex"
<pictures/detect_1.pdf, id=44, 511.9125pt x 206.27063pt>
File: pictures/detect_1.pdf Graphic file (type pdf)

<use pictures/detect_1.pdf>
Package pdftex.def Info: pictures/detect_1.pdf used on input line 28.
(pdftex.def)             Requested size: 204.76137pt x 82.50677pt.

<pictures/detect_2.pdf, id=45, 502.87875pt x 184.43906pt>
File: pictures/detect_2.pdf Graphic file (type pdf)

<use pictures/detect_2.pdf>
Package pdftex.def Info: pictures/detect_2.pdf used on input line 31.
(pdftex.def)             Requested size: 201.14793pt x 73.7743pt.

<pictures/detect_3.pdf, id=46, 511.9125pt x 185.94469pt>
File: pictures/detect_3.pdf Graphic file (type pdf)

<use pictures/detect_3.pdf>
Package pdftex.def Info: pictures/detect_3.pdf used on input line 34.
(pdftex.def)             Requested size: 204.76137pt x 74.37654pt.
 [4 <C:/Users/Alex/Desktop/version 3/pictures/detect_1.pdf> <C:/Users/Alex/Desk
top/version 3/pictures/detect_2.pdf> <C:/Users/Alex/Desktop/version 3/pictures/
detect_3.pdf>]
<pictures/left_turn.pdf, id=77, 571.3054pt x 433.62pt>
File: pictures/left_turn.pdf Graphic file (type pdf)

<use pictures/left_turn.pdf>
Package pdftex.def Info: pictures/left_turn.pdf used on input line 94.
(pdftex.def)             Requested size: 112.0187pt x 85.02202pt.

<pictures/right_turn.pdf, id=78, 571.3054pt x 433.62pt>
File: pictures/right_turn.pdf Graphic file (type pdf)

<use pictures/right_turn.pdf>
Package pdftex.def Info: pictures/right_turn.pdf used on input line 97.
(pdftex.def)             Requested size: 112.0187pt x 85.02202pt.

<pictures/up_turn.pdf, id=79, 562.51414pt x 433.62pt>
File: pictures/up_turn.pdf Graphic file (type pdf)

<use pictures/up_turn.pdf>
Package pdftex.def Info: pictures/up_turn.pdf used on input line 100.
(pdftex.def)             Requested size: 112.0187pt x 86.34532pt.

<pictures/down_turn.pdf, id=80, 562.51414pt x 433.62pt>
File: pictures/down_turn.pdf Graphic file (type pdf)

<use pictures/down_turn.pdf>
Package pdftex.def Info: pictures/down_turn.pdf used on input line 103.
(pdftex.def)             Requested size: 112.0187pt x 86.34532pt.
) ("C:\Users\Alex\Desktop\version 3\rt_tracking.tex"
Missing character: There is no ¡ in font ptmr7t!
Missing character: There is no ¯ in font ptmr7t!
 <pictures/apf1.pdf, id=81, 523.20468pt x 244.66406pt>
File: pictures/apf1.pdf Graphic file (type pdf)

<use pictures/apf1.pdf>
Package pdftex.def Info: pictures/apf1.pdf used on input line 36.
(pdftex.def)             Requested size: 227.64894pt x 106.45413pt.
 <pictures/apf2.pdf, id=82, 526.21594pt x 227.34938pt>
File: pictures/apf2.pdf Graphic file (type pdf)

<use pictures/apf2.pdf>
Package pdftex.def Info: pictures/apf2.pdf used on input line 42.
(pdftex.def)             Requested size: 227.64894pt x 98.355pt.
 <pictures/apf3.pdf, id=83, 536.0025pt x 201.75375pt>
File: pictures/apf3.pdf Graphic file (type pdf)

<use pictures/apf3.pdf>
Package pdftex.def Info: pictures/apf3.pdf used on input line 48.
(pdftex.def)             Requested size: 227.64894pt x 85.68724pt.

Overfull \hbox (16.9246pt too wide) in paragraph at lines 36--50
 [][] 
 []


Overfull \hbox (16.9246pt too wide) in paragraph at lines 36--50
 [] 
 []


Overfull \hbox (16.9246pt too wide) in paragraph at lines 36--50
 [] 
 []


LaTeX Warning: `h' float specifier changed to `ht'.

[5 <C:/Users/Alex/Desktop/version 3/pictures/left_turn.pdf> <C:/Users/Alex/Desk
top/version 3/pictures/right_turn.pdf> <C:/Users/Alex/Desktop/version 3/picture
s/up_turn.pdf> <C:/Users/Alex/Desktop/version 3/pictures/down_turn.pdf>]
<pictures/route.png, id=125, 532.23843pt x 531.48563pt>
File: pictures/route.png Graphic file (type png)

<use pictures/route.png>
Package pdftex.def Info: pictures/route.png used on input line 123.
(pdftex.def)             Requested size: 159.67276pt x 159.44691pt.
 [6 <C:/Users/Alex/Desktop/version 3/pictures/apf1.pdf> <C:/Users/Alex/Desktop/
version 3/pictures/apf2.pdf> <C:/Users/Alex/Desktop/version 3/pictures/apf3.pdf
>]
<pictures/fig1-1.png, id=275, 319.94531pt x 316.18124pt>
File: pictures/fig1-1.png Graphic file (type png)

<use pictures/fig1-1.png>
Package pdftex.def Info: pictures/fig1-1.png used on input line 135.
(pdftex.def)             Requested size: 95.98433pt x 94.8551pt.


pdfTeX warning: pdflatex.exe (file C:/Users/Alex/Desktop/version 3/pictures/fig
1-2.pdf): PDF inclusion: found PDF version <1.6>, but at most version <1.5> all
owed
<pictures/fig1-2.pdf, id=276, 268.69002pt x 276.30678pt>
File: pictures/fig1-2.pdf Graphic file (type pdf)

<use pictures/fig1-2.pdf>
Package pdftex.def Info: pictures/fig1-2.pdf used on input line 139.
(pdftex.def)             Requested size: 80.60762pt x 82.89267pt.


pdfTeX warning: pdflatex.exe (file C:/Users/Alex/Desktop/version 3/pictures/fig
1-3.pdf): PDF inclusion: found PDF version <1.6>, but at most version <1.5> all
owed
<pictures/fig1-3.pdf, id=277, 268.69002pt x 276.30678pt>
File: pictures/fig1-3.pdf Graphic file (type pdf)

<use pictures/fig1-3.pdf>
Package pdftex.def Info: pictures/fig1-3.pdf used on input line 143.
(pdftex.def)             Requested size: 80.60762pt x 82.89267pt.


pdfTeX warning: pdflatex.exe (file C:/Users/Alex/Desktop/version 3/pictures/fig
1-4.pdf): PDF inclusion: found PDF version <1.6>, but at most version <1.5> all
owed
<pictures/fig1-4.pdf, id=278, 270.19563pt x 276.30678pt>
File: pictures/fig1-4.pdf Graphic file (type pdf)

<use pictures/fig1-4.pdf>
Package pdftex.def Info: pictures/fig1-4.pdf used on input line 148.
(pdftex.def)             Requested size: 81.05931pt x 82.89267pt.


pdfTeX warning: pdflatex.exe (file C:/Users/Alex/Desktop/version 3/pictures/fig
1-5.pdf): PDF inclusion: found PDF version <1.6>, but at most version <1.5> all
owed
<pictures/fig1-5.pdf, id=279, 270.19563pt x 276.30678pt>
File: pictures/fig1-5.pdf Graphic file (type pdf)

<use pictures/fig1-5.pdf>
Package pdftex.def Info: pictures/fig1-5.pdf used on input line 152.
(pdftex.def)             Requested size: 81.05931pt x 82.89267pt.


pdfTeX warning: pdflatex.exe (file C:/Users/Alex/Desktop/version 3/pictures/fig
1-6.pdf): PDF inclusion: found PDF version <1.6>, but at most version <1.5> all
owed
<pictures/fig1-6.pdf, id=280, 270.19563pt x 276.30678pt>
File: pictures/fig1-6.pdf Graphic file (type pdf)

<use pictures/fig1-6.pdf>
Package pdftex.def Info: pictures/fig1-6.pdf used on input line 156.
(pdftex.def)             Requested size: 81.05931pt x 82.89267pt.


pdfTeX warning: pdflatex.exe (file C:/Users/Alex/Desktop/version 3/pictures/fig
1-7.pdf): PDF inclusion: found PDF version <1.6>, but at most version <1.5> all
owed
<pictures/fig1-7.pdf, id=281, 271.70126pt x 276.30678pt>
File: pictures/fig1-7.pdf Graphic file (type pdf)

<use pictures/fig1-7.pdf>
Package pdftex.def Info: pictures/fig1-7.pdf used on input line 161.
(pdftex.def)             Requested size: 81.511pt x 82.89267pt.


pdfTeX warning: pdflatex.exe (file C:/Users/Alex/Desktop/version 3/pictures/fig
1-8.pdf): PDF inclusion: found PDF version <1.6>, but at most version <1.5> all
owed
<pictures/fig1-8.pdf, id=282, 269.44283pt x 276.30678pt>
File: pictures/fig1-8.pdf Graphic file (type pdf)

<use pictures/fig1-8.pdf>
Package pdftex.def Info: pictures/fig1-8.pdf used on input line 165.
(pdftex.def)             Requested size: 80.83347pt x 82.89267pt.


pdfTeX warning: pdflatex.exe (file C:/Users/Alex/Desktop/version 3/pictures/fig
1-9.pdf): PDF inclusion: found PDF version <1.6>, but at most version <1.5> all
owed
<pictures/fig1-9.pdf, id=283, 271.70126pt x 276.30678pt>
File: pictures/fig1-9.pdf Graphic file (type pdf)

<use pictures/fig1-9.pdf>
Package pdftex.def Info: pictures/fig1-9.pdf used on input line 169.
(pdftex.def)             Requested size: 81.511pt x 82.89267pt.


pdfTeX warning: pdflatex.exe (file C:/Users/Alex/Desktop/version 3/pictures/fig
1-10.pdf): PDF inclusion: found PDF version <1.6>, but at most version <1.5> al
lowed
<pictures/fig1-10.pdf, id=284, 271.70126pt x 276.30678pt>
File: pictures/fig1-10.pdf Graphic file (type pdf)

<use pictures/fig1-10.pdf>
Package pdftex.def Info: pictures/fig1-10.pdf used on input line 174.
(pdftex.def)             Requested size: 81.511pt x 82.89267pt.


pdfTeX warning: pdflatex.exe (file C:/Users/Alex/Desktop/version 3/pictures/fig
1-11.pdf): PDF inclusion: found PDF version <1.6>, but at most version <1.5> al
lowed
<pictures/fig1-11.pdf, id=285, 270.19563pt x 276.30678pt>
File: pictures/fig1-11.pdf Graphic file (type pdf)

<use pictures/fig1-11.pdf>
Package pdftex.def Info: pictures/fig1-11.pdf used on input line 178.
(pdftex.def)             Requested size: 81.05931pt x 82.89267pt.


pdfTeX warning: pdflatex.exe (file C:/Users/Alex/Desktop/version 3/pictures/fig
1-12.pdf): PDF inclusion: found PDF version <1.6>, but at most version <1.5> al
lowed
<pictures/fig1-12.pdf, id=286, 270.19563pt x 276.30678pt>
File: pictures/fig1-12.pdf Graphic file (type pdf)

<use pictures/fig1-12.pdf>
Package pdftex.def Info: pictures/fig1-12.pdf used on input line 182.
(pdftex.def)             Requested size: 81.05931pt x 82.89267pt.

Underfull \vbox (badness 3029) has occurred while \output is active []



pdfTeX warning: pdflatex.exe (file C:/Users/Alex/Desktop/version 3/pictures/fig
2-1.pdf): PDF inclusion: found PDF version <1.6>, but at most version <1.5> all
owed
<pictures/fig2-1.pdf, id=287, 272.45407pt x 276.30678pt>
File: pictures/fig2-1.pdf Graphic file (type pdf)

<use pictures/fig2-1.pdf>
Package pdftex.def Info: pictures/fig2-1.pdf used on input line 198.
(pdftex.def)             Requested size: 81.73683pt x 82.89267pt.


pdfTeX warning: pdflatex.exe (file C:/Users/Alex/Desktop/version 3/pictures/fig
2-2.pdf): PDF inclusion: found PDF version <1.6>, but at most version <1.5> all
owed
<pictures/fig2-2.pdf, id=288, 272.45407pt x 276.30678pt>
File: pictures/fig2-2.pdf Graphic file (type pdf)

<use pictures/fig2-2.pdf>
Package pdftex.def Info: pictures/fig2-2.pdf used on input line 202.
(pdftex.def)             Requested size: 81.73683pt x 82.89267pt.


pdfTeX warning: pdflatex.exe (file C:/Users/Alex/Desktop/version 3/pictures/fig
2-3.pdf): PDF inclusion: found PDF version <1.6>, but at most version <1.5> all
owed
<pictures/fig2-3.pdf, id=289, 272.45407pt x 276.30678pt>
File: pictures/fig2-3.pdf Graphic file (type pdf)

<use pictures/fig2-3.pdf>
Package pdftex.def Info: pictures/fig2-3.pdf used on input line 206.
(pdftex.def)             Requested size: 81.73683pt x 82.89267pt.


pdfTeX warning: pdflatex.exe (file C:/Users/Alex/Desktop/version 3/pictures/fig
2-4.pdf): PDF inclusion: found PDF version <1.6>, but at most version <1.5> all
owed
<pictures/fig2-4.pdf, id=290, 272.45407pt x 276.30678pt>
File: pictures/fig2-4.pdf Graphic file (type pdf)

<use pictures/fig2-4.pdf>
Package pdftex.def Info: pictures/fig2-4.pdf used on input line 211.
(pdftex.def)             Requested size: 81.73683pt x 82.89267pt.


pdfTeX warning: pdflatex.exe (file C:/Users/Alex/Desktop/version 3/pictures/fig
2-5.pdf): PDF inclusion: found PDF version <1.6>, but at most version <1.5> all
owed
<pictures/fig2-5.pdf, id=291, 272.45407pt x 276.30678pt>
File: pictures/fig2-5.pdf Graphic file (type pdf)

<use pictures/fig2-5.pdf>
Package pdftex.def Info: pictures/fig2-5.pdf used on input line 215.
(pdftex.def)             Requested size: 81.73683pt x 82.89267pt.


pdfTeX warning: pdflatex.exe (file C:/Users/Alex/Desktop/version 3/pictures/fig
2-6.pdf): PDF inclusion: found PDF version <1.6>, but at most version <1.5> all
owed
<pictures/fig2-6.pdf, id=292, 272.45407pt x 276.30678pt>
File: pictures/fig2-6.pdf Graphic file (type pdf)

<use pictures/fig2-6.pdf>
Package pdftex.def Info: pictures/fig2-6.pdf used on input line 219.
(pdftex.def)             Requested size: 81.73683pt x 82.89267pt.
 [7 <C:/Users/Alex/Desktop/version 3/pictures/route.png> <C:/Users/Alex/Desktop
/version 3/pictures/fig1-1.png (PNG copy)> <C:/Users/Alex/Desktop/version 3/pic
tures/fig1-2.pdf> <C:/Users/Alex/Desktop/version 3/pictures/fig1-3.pdf> <C:/Use
rs/Alex/Desktop/version 3/pictures/fig1-4.pdf> <C:/Users/Alex/Desktop/version 3
/pictures/fig1-5.pdf> <C:/Users/Alex/Desktop/version 3/pictures/fig1-6.pdf> <C:
/Users/Alex/Desktop/version 3/pictures/fig1-7.pdf> <C:/Users/Alex/Desktop/versi
on 3/pictures/fig1-8.pdf> <C:/Users/Alex/Desktop/version 3/pictures/fig1-9.pdf>
 <C:/Users/Alex/Desktop/version 3/pictures/fig1-10.pdf> <C:/Users/Alex/Desktop/
version 3/pictures/fig1-11.pdf> <C:/Users/Alex/Desktop/version 3/pictures/fig1-
12.pdf>]

pdfTeX warning: pdflatex.exe (file C:/Users/Alex/Desktop/version 3/pictures/fig
3-1.pdf): PDF inclusion: found PDF version <1.6>, but at most version <1.5> all
owed
<pictures/fig3-1.pdf, id=320, 269.44283pt x 276.30678pt>
File: pictures/fig3-1.pdf Graphic file (type pdf)

<use pictures/fig3-1.pdf>
Package pdftex.def Info: pictures/fig3-1.pdf used on input line 234.
(pdftex.def)             Requested size: 80.83347pt x 82.89267pt.


pdfTeX warning: pdflatex.exe (file C:/Users/Alex/Desktop/version 3/pictures/fig
3-2.pdf): PDF inclusion: found PDF version <1.6>, but at most version <1.5> all
owed
<pictures/fig3-2.pdf, id=321, 269.44283pt x 276.30678pt>
File: pictures/fig3-2.pdf Graphic file (type pdf)

<use pictures/fig3-2.pdf>
Package pdftex.def Info: pictures/fig3-2.pdf used on input line 238.
(pdftex.def)             Requested size: 80.83347pt x 82.89267pt.


pdfTeX warning: pdflatex.exe (file C:/Users/Alex/Desktop/version 3/pictures/fig
3-3.pdf): PDF inclusion: found PDF version <1.6>, but at most version <1.5> all
owed
<pictures/fig3-3.pdf, id=322, 269.44283pt x 276.30678pt>
File: pictures/fig3-3.pdf Graphic file (type pdf)

<use pictures/fig3-3.pdf>
Package pdftex.def Info: pictures/fig3-3.pdf used on input line 242.
(pdftex.def)             Requested size: 80.83347pt x 82.89267pt.


pdfTeX warning: pdflatex.exe (file C:/Users/Alex/Desktop/version 3/pictures/fig
3-4.pdf): PDF inclusion: found PDF version <1.6>, but at most version <1.5> all
owed
<pictures/fig3-4.pdf, id=323, 268.69002pt x 276.30678pt>
File: pictures/fig3-4.pdf Graphic file (type pdf)

<use pictures/fig3-4.pdf>
Package pdftex.def Info: pictures/fig3-4.pdf used on input line 247.
(pdftex.def)             Requested size: 80.60762pt x 82.89267pt.


pdfTeX warning: pdflatex.exe (file C:/Users/Alex/Desktop/version 3/pictures/fig
3-5.pdf): PDF inclusion: found PDF version <1.6>, but at most version <1.5> all
owed
<pictures/fig3-5.pdf, id=324, 269.44283pt x 276.30678pt>
File: pictures/fig3-5.pdf Graphic file (type pdf)

<use pictures/fig3-5.pdf>
Package pdftex.def Info: pictures/fig3-5.pdf used on input line 251.
(pdftex.def)             Requested size: 80.83347pt x 82.89267pt.


pdfTeX warning: pdflatex.exe (file C:/Users/Alex/Desktop/version 3/pictures/fig
3-6.pdf): PDF inclusion: found PDF version <1.6>, but at most version <1.5> all
owed
<pictures/fig3-6.pdf, id=325, 271.70126pt x 276.30678pt>
File: pictures/fig3-6.pdf Graphic file (type pdf)

<use pictures/fig3-6.pdf>
Package pdftex.def Info: pictures/fig3-6.pdf used on input line 255.
(pdftex.def)             Requested size: 81.511pt x 82.89267pt.
) ("C:\Users\Alex\Desktop\version 3\evaluation.tex"
<pictures/map1.png, id=326, 1882.03125pt x 647.41875pt>
File: pictures/map1.png Graphic file (type png)

<use pictures/map1.png>
Package pdftex.def Info: pictures/map1.png used on input line 10.
(pdftex.def)             Requested size: 301.13115pt x 103.58911pt.
 <pictures/map3.png, id=328, 602.25pt x 639.89063pt>
File: pictures/map3.png Graphic file (type png)

<use pictures/map3.png>
Package pdftex.def Info: pictures/map3.png used on input line 14.
(pdftex.def)             Requested size: 96.36195pt x 102.38458pt.

<pictures/map4.png, id=329, 1363.34344pt x 630.85687pt>
File: pictures/map4.png Graphic file (type png)

<use pictures/map4.png>
Package pdftex.def Info: pictures/map4.png used on input line 17.
(pdftex.def)             Requested size: 218.1394pt x 100.93916pt.

Underfull \vbox (badness 2111) has occurred while \output is active []


<pictures/mould.pdf, id=330, 3057.92438pt x 2318.6625pt>
File: pictures/mould.pdf Graphic file (type pdf)

<use pictures/mould.pdf>
Package pdftex.def Info: pictures/mould.pdf used on input line 32.
(pdftex.def)             Requested size: 242.82503pt x 184.11697pt.

Overfull \hbox (1.80464pt too wide) in paragraph at lines 32--32
 [][] 
 []

[8 <C:/Users/Alex/Desktop/version 3/pictures/fig2-1.pdf> <C:/Users/Alex/Desktop
/version 3/pictures/fig2-2.pdf> <C:/Users/Alex/Desktop/version 3/pictures/fig2-
3.pdf> <C:/Users/Alex/Desktop/version 3/pictures/fig2-4.pdf> <C:/Users/Alex/Des
ktop/version 3/pictures/fig2-5.pdf> <C:/Users/Alex/Desktop/version 3/pictures/f
ig2-6.pdf> <C:/Users/Alex/Desktop/version 3/pictures/fig3-1.pdf> <C:/Users/Alex
/Desktop/version 3/pictures/fig3-2.pdf> <C:/Users/Alex/Desktop/version 3/pictur
es/fig3-3.pdf> <C:/Users/Alex/Desktop/version 3/pictures/fig3-4.pdf> <C:/Users/
Alex/Desktop/version 3/pictures/fig3-5.pdf> <C:/Users/Alex/Desktop/version 3/pi
ctures/fig3-6.pdf> <C:/Users/Alex/Desktop/version 3/pictures/mould.pdf>]
<pictures/pose.pdf, id=369, 578.66188pt x 422.65503pt>
File: pictures/pose.pdf Graphic file (type pdf)
 <use pictures/pose.pdf>
Package pdftex.def Info: pictures/pose.pdf used on input line 48.
(pdftex.def)             Requested size: 158.99377pt x 116.12407pt.

<pictures/style.pdf, id=370, 578.66188pt x 422.65503pt>
File: pictures/style.pdf Graphic file (type pdf)

<use pictures/style.pdf>
Package pdftex.def Info: pictures/style.pdf used on input line 51.
(pdftex.def)             Requested size: 158.99377pt x 116.12407pt.

<pictures/place.pdf, id=371, 578.66188pt x 422.65503pt>
File: pictures/place.pdf Graphic file (type pdf)

<use pictures/place.pdf>
Package pdftex.def Info: pictures/place.pdf used on input line 54.
(pdftex.def)             Requested size: 158.99377pt x 116.12407pt.

<pictures/direction_err.pdf, id=372, 578.16pt x 422.48741pt>
File: pictures/direction_err.pdf Graphic file (type pdf)

<use pictures/direction_err.pdf>
Package pdftex.def Info: pictures/direction_err.pdf used on input line 69.
(pdftex.def)             Requested size: 212.47287pt x 155.26064pt.


LaTeX Warning: `h' float specifier changed to `ht'.

<pictures/time_pose.pdf, id=373, 569.83128pt x 433.78761pt>
File: pictures/time_pose.pdf Graphic file (type pdf)

<use pictures/time_pose.pdf>
Package pdftex.def Info: pictures/time_pose.pdf used on input line 75.
(pdftex.def)             Requested size: 212.47287pt x 161.74329pt.


LaTeX Warning: `h' float specifier changed to `ht'.


Underfull \vbox (badness 10000) has occurred while \output is active []


Underfull \vbox (badness 1668) has occurred while \output is active []

 [9 <C:/Users/Alex/Desktop/version 3/pictures/map1.png> <C:/Users/Alex/Desktop/
version 3/pictures/map3.png> <C:/Users/Alex/Desktop/version 3/pictures/map4.png
> <C:/Users/Alex/Desktop/version 3/pictures/direction_err.pdf>]
<pictures/err_pose.pdf, id=390, 578.66188pt x 422.65503pt>
File: pictures/err_pose.pdf Graphic file (type pdf)

<use pictures/err_pose.pdf>
Package pdftex.def Info: pictures/err_pose.pdf used on input line 165.
(pdftex.def)             Requested size: 158.99377pt x 116.12407pt.

<pictures/err_style.pdf, id=391, 578.66188pt x 422.65503pt>
File: pictures/err_style.pdf Graphic file (type pdf)

<use pictures/err_style.pdf>
Package pdftex.def Info: pictures/err_style.pdf used on input line 168.
(pdftex.def)             Requested size: 158.99377pt x 116.12407pt.

<pictures/err_place.pdf, id=392, 578.66188pt x 422.65503pt>
File: pictures/err_place.pdf Graphic file (type pdf)

<use pictures/err_place.pdf>
Package pdftex.def Info: pictures/err_place.pdf used on input line 171.
(pdftex.def)             Requested size: 158.99377pt x 116.12407pt.

<pictures/particle_number.pdf, id=393, 578.66188pt x 422.65503pt>
File: pictures/particle_number.pdf Graphic file (type pdf)

<use pictures/particle_number.pdf>
Package pdftex.def Info: pictures/particle_number.pdf used on input line 186.
(pdftex.def)             Requested size: 242.82503pt x 177.35912pt.

Overfull \hbox (1.80464pt too wide) in paragraph at lines 186--186
 [][] 
 []


LaTeX Warning: `h' float specifier changed to `ht'.

) ("C:\Users\Alex\Desktop\version 3\background.tex" [10 <C:/Users/Alex/Desktop/
version 3/pictures/pose.pdf> <C:/Users/Alex/Desktop/version 3/pictures/style.pd
f> <C:/Users/Alex/Desktop/version 3/pictures/place.pdf> <C:/Users/Alex/Desktop/
version 3/pictures/time_pose.pdf>]
Underfull \hbox (badness 1533) in paragraph at lines 15--16
[]\OT1/ptm/m/n/10 The ear-ly work on robot lo-cal-iza-tion prob-lem used
 []

[11 <C:/Users/Alex/Desktop/version 3/pictures/err_pose.pdf> <C:/Users/Alex/Desk
top/version 3/pictures/err_style.pdf> <C:/Users/Alex/Desktop/version 3/pictures
/err_place.pdf> <C:/Users/Alex/Desktop/version 3/pictures/particle_number.pdf>]
Missing character: There is no ¡ in font ptmr7t!
Missing character: There is no ¯ in font ptmr7t!
) ("C:\Users\Alex\Desktop\version 3\discussion.tex")
("C:\Users\Alex\Desktop\version 3\conclusion.tex")
("C:\Users\Alex\Desktop\version 3\sensys.bbl"
Underfull \hbox (badness 10000) in paragraph at lines 4--6
[]\OT1/ptm/m/n/8 Car Find-er AR.  http-s://play.google.com/store/apps/details?
 []


Underfull \hbox (badness 10000) in paragraph at lines 8--11
[]\OT1/ptm/m/n/8 Car Lo-ca-tor.  http-s://play.google.com/store/apps/details?
 []


Overfull \hbox (4.41719pt too wide) in paragraph at lines 18--20
[]\OT1/ptm/m/n/8 iCarPark.  http-s://itunes.apple.com/us/app/icarpark/id3056900
42?mt=8. 
 []


Underfull \hbox (badness 10000) in paragraph at lines 22--24
[]\OT1/ptm/m/n/8 My car park-ing.  http-s://play.google.com/store/apps/details?

 []


Package balance Warning: You have called \balance in second column
(balance)                Columns might not be balanced.

[12]
Underfull \vbox (badness 10000) has occurred while \output is active []

) [13]
("C:\Users\Alex\Desktop\version 3\sensys.aux") ) 
Here is how much of TeX's memory you used:
 4279 strings out of 495354
 56448 string characters out of 3183859
 152939 words of memory out of 3000000
 7256 multiletter control sequences out of 15000+200000
 53355 words of font info for 107 fonts, out of 3000000 for 9000
 14 hyphenation exceptions out of 8191
 29i,10n,24p,1536b,329s stack positions out of 5000i,500n,10000p,200000b,50000s
{E:/CTEX/MiKTeX/fonts/enc/dvips
/fontname/8r.enc}<E:/CTEX/MiKTeX/fonts/type1/public/amsfonts/cm/cmex10.pfb><E:/
CTEX/MiKTeX/fonts/type1/public/amsfonts/cmextra/cmex9.pfb><E:/CTEX/MiKTeX/fonts
/type1/public/amsfonts/cm/cmmi10.pfb><E:/CTEX/MiKTeX/fonts/type1/public/amsfont
s/cm/cmr10.pfb><E:/CTEX/MiKTeX/fonts/type1/public/amsfonts/cm/cmsy10.pfb><E:/CT
EX/MiKTeX/fonts/type1/urw/helvetic/uhvb8a.pfb><E:/CTEX/MiKTeX/fonts/type1/urw/h
elvetic/uhvr8a.pfb><E:/CTEX/MiKTeX/fonts/type1/urw/symbol/usyr.pfb><E:/CTEX/MiK
TeX/fonts/type1/urw/times/utmb8a.pfb><E:/CTEX/MiKTeX/fonts/type1/urw/times/utmr
8a.pfb><E:/CTEX/MiKTeX/fonts/type1/urw/times/utmr8a.pfb><E:/CTEX/MiKTeX/fonts/t
ype1/urw/times/utmri8a.pfb><E:/CTEX/MiKTeX/fonts/type1/urw/zapfchan/uzcmi8a.pfb
>
Output written on sensys.pdf (13 pages, 4390961 bytes).
PDF statistics:
 481 PDF objects out of 1000 (max. 8388607)
 0 named destinations out of 1000 (max. 500000)
 256 words of extra memory for PDF output out of 10000 (max. 10000000)

